Arguments: 
  C:\Program Files\nodejs\node.exe C:\Program Files (x86)\Yarn\bin\yarn.js install

PATH: 
  C:\Program Files\Common Files\Microsoft Shared\Windows Live;C:\Program Files (x86)\Common Files\Microsoft Shared\Windows Live;C:\Program Files (x86)\AMD APP\bin\x86_64;C:\Program Files (x86)\AMD APP\bin\x86;C:\windows\system32;C:\windows;C:\windows\System32\Wbem;C:\windows\System32\WindowsPowerShell\v1.0\;C:\Program Files (x86)\ATI Technologies\ATI.ACE\Core-Static;C:\Program Files\Lenovo\Bluetooth Software\;C:\Program Files\Lenovo\Bluetooth Software\syswow64;C:\Program Files (x86)\Windows Live\Shared;C:\Program Files\Git\cmd;C:\Program Files\nodejs\;C:\Program Files (x86)\Yarn\bin\;C:\Users\Interstellar\AppData\Roaming\npm;C:\Users\Interstellar\AppData\Local\Yarn\bin

Yarn version: 
  1.13.0

Node version: 
  10.15.0

Platform: 
  win32 x64

Trace: 
  Error: https://registry.yarnpkg.com/caniuse-lite/-/caniuse-lite-1.0.30000932.tgz: ESOCKETTIMEDOUT
      at ClientRequest.<anonymous> (C:\Program Files (x86)\Yarn\lib\cli.js:130024:19)
      at Object.onceWrapper (events.js:273:13)
      at ClientRequest.emit (events.js:182:13)
      at TLSSocket.emitRequestTimeout (_http_client.js:662:40)
      at Object.onceWrapper (events.js:273:13)
      at TLSSocket.emit (events.js:182:13)
      at TLSSocket.Socket._onTimeout (net.js:453:8)
      at ontimeout (timers.js:436:11)
      at tryOnTimeout (timers.js:300:5)
      at listOnTimeout (timers.js:263:5)

npm manifest: 
  {
    "name": "phaser3-project-template",
    "version": "1.1.0",
    "description": "A Phaser 3 Project Template",
    "main": "src/index.js",
    "scripts": {
      "build": "webpack --config webpack/prod.js ",
      "start": "webpack-dev-server --config webpack/base.js --open"
    },
    "repository": {
      "type": "git",
      "url": "git+https://github.com/photonstorm/phaser3-project-template.git"
    },
    "author": "Richard Davey <rdavey@gmail.com> (http://www.photonstorm.com)",
    "license": "MIT",
    "licenseUrl": "http://www.opensource.org/licenses/mit-license.php",
    "bugs": {
      "url": "https://github.com/photonstorm/phaser3-project-template/issues"
    },
    "homepage": "https://github.com/photonstorm/phaser3-project-template#readme",
    "devDependencies": {
      "@babel/core": "^7.2.2",
      "@babel/preset-env": "^7.2.3",
      "babel-loader": "^8.0.5",
      "clean-webpack-plugin": "^1.0.0",
      "file-loader": "^3.0.1",
      "html-webpack-plugin": "^3.2.0",
      "raw-loader": "^1.0.0",
      "terser-webpack-plugin": "^1.2.1",
      "webpack": "^4.28.3",
      "webpack-cli": "^3.2.1",
      "webpack-dev-server": "^3.1.14",
      "webpack-merge": "^4.2.1"
    },
    "dependencies": {
      "phaser": "^3.15.1"
    }
  }

yarn manifest: 
  No manifest

Lockfile: 
  No lockfile
